<?xml version="1.0" encoding="UTF-8"?>
<!-- Generated by org.testng.reporters.JUnitXMLReporter -->
<testsuite hostname="LM-MAA-00668751" name="Test2" tests="1" failures="0" timestamp="2 Sep 2015 07:23:52 GMT" time="0.013" errors="0">
  <testcase name="@BeforeTest setup" time="0.0" classname="seleniumTraining.CrossBrowserExample">
    <failure type="java.lang.IllegalStateException" message="The driver executable does not exist: /Users/rallamsetti/Documents/chromedriver_mac32/chromedriver.exec">
      <![CDATA[java.lang.IllegalStateException: The driver executable does not exist: /Users/rallamsetti/Documents/chromedriver_mac32/chromedriver.exec
	at com.google.common.base.Preconditions.checkState(Preconditions.java:197)
	at org.openqa.selenium.remote.service.DriverService.checkExecutable(DriverService.java:117)
	at org.openqa.selenium.remote.service.DriverService.findExecutable(DriverService.java:112)
	at org.openqa.selenium.chrome.ChromeDriverService.createDefaultService(ChromeDriverService.java:89)
	at org.openqa.selenium.chrome.ChromeDriver.<init>(ChromeDriver.java:117)
	at seleniumTraining.CrossBrowserExample.setup(CrossBrowserExample.java:29)
... Removed 22 stack frames]]>
    </failure>
  </testcase> <!-- @BeforeTest setup -->
  <testcase name="testParameterWithXml" time="0.0" classname="seleniumTraining.CrossBrowserExample">
    <skipped/>
  </testcase> <!-- testParameterWithXml -->
</testsuite> <!-- Test2 -->
